  ActionBlock.cpp
  CommandWindow.cpp
C:\Users\Gebruiker\Documents\GitHub\Buas_Intake\collidius\CommandWindow.cpp(61,19): warning C4244: '=': conversion from 'int' to 'T', possible loss of data
C:\Users\Gebruiker\Documents\GitHub\Buas_Intake\collidius\CommandWindow.cpp(61,19): warning C4244:         with
C:\Users\Gebruiker\Documents\GitHub\Buas_Intake\collidius\CommandWindow.cpp(61,19): warning C4244:         [
C:\Users\Gebruiker\Documents\GitHub\Buas_Intake\collidius\CommandWindow.cpp(61,19): warning C4244:             T=float
C:\Users\Gebruiker\Documents\GitHub\Buas_Intake\collidius\CommandWindow.cpp(61,19): warning C4244:         ]
  Enemy.cpp
  GameEntity.cpp
C:\Users\Gebruiker\Documents\GitHub\Buas_Intake\collidius\GameEntity.cpp(61,46): warning C4244: '-=': conversion from 'float' to 'int', possible loss of data
  main.cpp
  myscene.cpp
  Player.cpp
C:\Users\Gebruiker\Documents\GitHub\Buas_Intake\collidius\Player.cpp(120,17): warning C4244: 'initializing': conversion from 'T' to 'int', possible loss of data
C:\Users\Gebruiker\Documents\GitHub\Buas_Intake\collidius\Player.cpp(120,17): warning C4244:         with
C:\Users\Gebruiker\Documents\GitHub\Buas_Intake\collidius\Player.cpp(120,17): warning C4244:         [
C:\Users\Gebruiker\Documents\GitHub\Buas_Intake\collidius\Player.cpp(120,17): warning C4244:             T=float
C:\Users\Gebruiker\Documents\GitHub\Buas_Intake\collidius\Player.cpp(120,17): warning C4244:         ]
C:\Users\Gebruiker\Documents\GitHub\Buas_Intake\collidius\Player.cpp(121,18): warning C4244: 'initializing': conversion from 'T' to 'int', possible loss of data
C:\Users\Gebruiker\Documents\GitHub\Buas_Intake\collidius\Player.cpp(121,18): warning C4244:         with
C:\Users\Gebruiker\Documents\GitHub\Buas_Intake\collidius\Player.cpp(121,18): warning C4244:         [
C:\Users\Gebruiker\Documents\GitHub\Buas_Intake\collidius\Player.cpp(121,18): warning C4244:             T=float
C:\Users\Gebruiker\Documents\GitHub\Buas_Intake\collidius\Player.cpp(121,18): warning C4244:         ]
C:\Users\Gebruiker\Documents\GitHub\Buas_Intake\collidius\Player.cpp(201,24): warning C4244: 'argument': conversion from 'double' to 'int', possible loss of data
C:\Users\Gebruiker\Documents\GitHub\Buas_Intake\collidius\Player.cpp(269,22): warning C4244: 'argument': conversion from 'float' to 'int', possible loss of data
  Projectile.cpp
  TurnManager.cpp
  VisualSlider.cpp
  camera.cpp
  entity.cpp
  game.cpp
  inputmanager.cpp
  myentity.cpp
  renderer.cpp
  resourcemanager.cpp
  scene.cpp
  sprite.cpp
  timer.cpp
  Generating Code...
C:\Users\Gebruiker\Documents\GitHub\Buas_Intake\collidius\TurnManager.cpp(159,1): warning C4715: 'TurnManager::GetRandomPlayer': not all control paths return a value
C:\Users\Gebruiker\Documents\GitHub\Buas_Intake\collidius\TurnManager.cpp(169,1): warning C4715: 'TurnManager::GetRandomEnemy': not all control paths return a value
LINK : warning LNK4098: defaultlib 'MSVCRT' conflicts with use of other libs; use /NODEFAULTLIB:library
  Buas_Intake.vcxproj -> C:\Users\Gebruiker\Documents\GitHub\Buas_Intake\x64\Debug\Buas_Intake.exe
  C:\Users\Gebruiker\Documents\GitHub\Buas_Intake\assets\shaders\sprite.frag
  C:\Users\Gebruiker\Documents\GitHub\Buas_Intake\assets\shaders\sprite.vert
  C:\Users\Gebruiker\Documents\GitHub\Buas_Intake\assets\sprites\arrow.tga
  C:\Users\Gebruiker\Documents\GitHub\Buas_Intake\assets\sprites\attacksprite.tga
  C:\Users\Gebruiker\Documents\GitHub\Buas_Intake\assets\sprites\bananarang.tga
  C:\Users\Gebruiker\Documents\GitHub\Buas_Intake\assets\sprites\bg.tga
  C:\Users\Gebruiker\Documents\GitHub\Buas_Intake\assets\sprites\commandwindow.tga
  C:\Users\Gebruiker\Documents\GitHub\Buas_Intake\assets\sprites\defendsprite.tga
  C:\Users\Gebruiker\Documents\GitHub\Buas_Intake\assets\sprites\gorilla.tga
  C:\Users\Gebruiker\Documents\GitHub\Buas_Intake\assets\sprites\itemsprite.tga
  C:\Users\Gebruiker\Documents\GitHub\Buas_Intake\assets\sprites\j.tga
  C:\Users\Gebruiker\Documents\GitHub\Buas_Intake\assets\sprites\jbomb.tga
  C:\Users\Gebruiker\Documents\GitHub\Buas_Intake\assets\sprites\jchar.tga
  C:\Users\Gebruiker\Documents\GitHub\Buas_Intake\assets\sprites\k.tga
  C:\Users\Gebruiker\Documents\GitHub\Buas_Intake\assets\sprites\kblast.tga
  C:\Users\Gebruiker\Documents\GitHub\Buas_Intake\assets\sprites\kchar.tga
  C:\Users\Gebruiker\Documents\GitHub\Buas_Intake\assets\sprites\kingkong.tga
  C:\Users\Gebruiker\Documents\GitHub\Buas_Intake\assets\sprites\pencils.tga
  C:\Users\Gebruiker\Documents\GitHub\Buas_Intake\assets\sprites\purewhite.tga
  C:\Users\Gebruiker\Documents\GitHub\Buas_Intake\assets\sprites\rgba.tga
  C:\Users\Gebruiker\Documents\GitHub\Buas_Intake\assets\sprites\slider.tga
  C:\Users\Gebruiker\Documents\GitHub\Buas_Intake\assets\sprites\sliderfill.tga
  C:\Users\Gebruiker\Documents\GitHub\Buas_Intake\assets\sprites\specialsprite.tga
  C:\Users\Gebruiker\Documents\GitHub\Buas_Intake\assets\sprites\uimockup.tga
  24 File(s) copied
  C:\Users\Gebruiker\Documents\GitHub\Buas_Intake\external\glew-2.2.0\bin\Release\x64\glew32.dll
  1 File(s) copied
